<?xml version="1.0" encoding="UTF-8"?>
<testng-results ignored="0" total="1" passed="1" failed="0" skipped="0">
  <reporter-output>
    <line>
      <![CDATA[OpenBrowser]]>
    </line>
    <line>
      <![CDATA[Login]]>
    </line>
    <line>
      <![CDATA[Create customer]]>
    </line>
    <line>
      <![CDATA[Logout]]>
    </line>
    <line>
      <![CDATA[CloseBrowser]]>
    </line>
  </reporter-output>
  <suite started-at="2024-02-29T17:43:56 IST" name="Default suite" finished-at="2024-02-29T17:44:04 IST" duration-ms="8559">
    <groups>
    </groups>
    <test started-at="2024-02-29T17:43:56 IST" name="Default test" finished-at="2024-02-29T17:44:04 IST" duration-ms="8559">
      <class name="com.actitime.testscript.Customermoudule">
        <test-method is-config="true" signature="Openbrowser()[pri:0, instance:com.actitime.testscript.Customermoudule@48e1f6c7]" started-at="2024-02-29T17:43:56 IST" name="Openbrowser" finished-at="2024-02-29T17:43:58 IST" duration-ms="2262" status="PASS">
          <reporter-output>
            <line>
              <![CDATA[OpenBrowser]]>
            </line>
          </reporter-output>
        </test-method> <!-- Openbrowser -->
        <test-method is-config="true" signature="Login()[pri:0, instance:com.actitime.testscript.Customermoudule@48e1f6c7]" started-at="2024-02-29T17:43:58 IST" name="Login" finished-at="2024-02-29T17:43:58 IST" duration-ms="615" status="PASS">
          <reporter-output>
            <line>
              <![CDATA[Login]]>
            </line>
          </reporter-output>
        </test-method> <!-- Login -->
        <test-method signature="CreateCustomer()[pri:0, instance:com.actitime.testscript.Customermoudule@48e1f6c7]" started-at="2024-02-29T17:43:58 IST" name="CreateCustomer" finished-at="2024-02-29T17:44:02 IST" duration-ms="3294" status="PASS">
          <reporter-output>
            <line>
              <![CDATA[Create customer]]>
            </line>
          </reporter-output>
        </test-method> <!-- CreateCustomer -->
        <test-method is-config="true" signature="Logout()[pri:0, instance:com.actitime.testscript.Customermoudule@48e1f6c7]" started-at="2024-02-29T17:44:02 IST" name="Logout" finished-at="2024-02-29T17:44:04 IST" duration-ms="2182" status="PASS">
          <reporter-output>
            <line>
              <![CDATA[Logout]]>
            </line>
          </reporter-output>
        </test-method> <!-- Logout -->
        <test-method is-config="true" signature="Closebrowser()[pri:0, instance:com.actitime.testscript.Customermoudule@48e1f6c7]" started-at="2024-02-29T17:44:04 IST" name="Closebrowser" finished-at="2024-02-29T17:44:04 IST" duration-ms="160" status="PASS">
          <reporter-output>
            <line>
              <![CDATA[CloseBrowser]]>
            </line>
          </reporter-output>
        </test-method> <!-- Closebrowser -->
      </class> <!-- com.actitime.testscript.Customermoudule -->
    </test> <!-- Default test -->
  </suite> <!-- Default suite -->
</testng-results>
